[2026-05-20 10:33:51] request.INFO: Matched route "admin_system_information_check_files". {"route":"admin_system_information_check_files","route_parameters":{"_route":"admin_system_information_check_files","_controller":"PrestaShopBundle\\Controller\\Admin\\Configure\\AdvancedParameters\\SystemInformationController::displayCheckFilesAction","_legacy_controller":"AdminInformation","_legacy_link":"AdminInformation:checkFiles"},"request_uri":"http://meuble2.localhost/psadmin/index.php/configure/advanced/system-information/files?_token=4TvoOezPktWRfWLOSbFlGYRqclrJzDPhyjKHauEUgUg","method":"POST"} []
[2026-05-20 10:33:51] security.DEBUG: Read existing security token from the session. {"key":"_security_main","token_class":"Symfony\\Component\\Security\\Core\\Authentication\\Token\\UsernamePasswordToken"} []
[2026-05-20 10:33:51] security.DEBUG: User was reloaded from a user provider. {"provider":"PrestaShopBundle\\Security\\Admin\\EmployeeProvider","username":"hbsman@yahoo.fr"} []
[2026-05-20 10:35:51] request.CRITICAL: Uncaught PHP Exception Symfony\Component\ErrorHandler\Error\FatalError: "Error: Maximum execution time of 120 seconds exceeded" at D:\projets\new-meuble\src\Adapter\Requirement\CheckMissingOrUpdatedFiles.php line 70 {"exception":"[object] (Symfony\\Component\\ErrorHandler\\Error\\FatalError(code: 0): Error: Maximum execution time of 120 seconds exceeded at D:\\projets\\new-meuble\\src\\Adapter\\Requirement\\CheckMissingOrUpdatedFiles.php:70)"} []
[2026-05-20 10:35:52] security.DEBUG: Stored the security token in the session. {"key":"_security_main"} []
[2026-05-20 10:38:00] request.CRITICAL: Uncaught PHP Exception Http\Client\Exception\RequestException: "cURL error 60: SSL certificate problem: unable to get local issuer certificate (see https://curl.haxx.se/libcurl/c/libcurl-errors.html) for https://billing-api.distribution.prestashop.net/v1/customers//subscriptions/ps_facebook" at D:\projets\new-meuble\modules\psxmarketingwithgoogle\vendor\prestashop\module-lib-guzzle-adapter\src\Guzzle7\Promise.php line 127 {"exception":"[object] (Http\\Client\\Exception\\RequestException(code: 0): cURL error 60: SSL certificate problem: unable to get local issuer certificate (see https://curl.haxx.se/libcurl/c/libcurl-errors.html) for https://billing-api.distribution.prestashop.net/v1/customers//subscriptions/ps_facebook at D:\\projets\\new-meuble\\modules\\psxmarketingwithgoogle\\vendor\\prestashop\\module-lib-guzzle-adapter\\src\\Guzzle7\\Promise.php:127, GuzzleHttp\\Exception\\RequestException(code: 0): cURL error 60: SSL certificate problem: unable to get local issuer certificate (see https://curl.haxx.se/libcurl/c/libcurl-errors.html) for https://billing-api.distribution.prestashop.net/v1/customers//subscriptions/ps_facebook at D:\\projets\\new-meuble\\vendor\\guzzlehttp\\guzzle\\src\\Handler\\CurlFactory.php:211)"} []
[2026-05-20 10:38:00] request.CRITICAL: Exception thrown when handling an exception (Twig\Error\LoaderError: Template "::base.html.twig" is not defined in "@PrestaShop/Admin/Exception/error.html.twig" at line 26. at D:\projets\new-meuble\vendor\twig\twig\src\Loader\ChainLoader.php line 99) {"exception":"[object] (Twig\\Error\\LoaderError(code: 0): Template \"::base.html.twig\" is not defined in \"@PrestaShop/Admin/Exception/error.html.twig\" at line 26. at D:\\projets\\new-meuble\\vendor\\twig\\twig\\src\\Loader\\ChainLoader.php:99)"} []
[2026-05-20 17:36:29] request.INFO: Matched route "api_translation_value_edit". {"route":"api_translation_value_edit","route_parameters":{"_route":"api_translation_value_edit","_controller":"prestashop.core.api.translation.controller:translationEditAction","_legacy_controller":"AdminTranslations"},"request_uri":"http://meuble2.localhost/psadmin/index.php/api/translations/edit?_token=4TvoOezPktWRfWLOSbFlGYRqclrJzDPhyjKHauEUgUg","method":"POST"} []
[2026-05-20 17:36:29] security.DEBUG: Read existing security token from the session. {"key":"_security_main","token_class":"Symfony\\Component\\Security\\Core\\Authentication\\Token\\UsernamePasswordToken"} []
[2026-05-20 17:36:29] security.DEBUG: User was reloaded from a user provider. {"provider":"PrestaShopBundle\\Security\\Admin\\EmployeeProvider","username":"hbsman@yahoo.fr"} []
[2026-05-20 17:36:30] app.ERROR: No result was found for query although at least one row was expected. {"object_type":"Translation"} []
[2026-05-20 17:36:43] security.DEBUG: Stored the security token in the session. {"key":"_security_main"} []
[2026-05-20 17:43:43] request.INFO: Matched route "api_translation_value_edit". {"route":"api_translation_value_edit","route_parameters":{"_route":"api_translation_value_edit","_controller":"prestashop.core.api.translation.controller:translationEditAction","_legacy_controller":"AdminTranslations"},"request_uri":"http://meuble2.localhost/psadmin/index.php/api/translations/edit?_token=4TvoOezPktWRfWLOSbFlGYRqclrJzDPhyjKHauEUgUg","method":"POST"} []
[2026-05-20 17:43:43] security.DEBUG: Read existing security token from the session. {"key":"_security_main","token_class":"Symfony\\Component\\Security\\Core\\Authentication\\Token\\UsernamePasswordToken"} []
[2026-05-20 17:43:43] security.DEBUG: User was reloaded from a user provider. {"provider":"PrestaShopBundle\\Security\\Admin\\EmployeeProvider","username":"hbsman@yahoo.fr"} []
[2026-05-20 17:43:43] app.ERROR: No result was found for query although at least one row was expected. {"object_type":"Translation"} []
[2026-05-20 17:43:55] security.DEBUG: Stored the security token in the session. {"key":"_security_main"} []
[2026-05-20 17:48:42] request.INFO: Matched route "admin_system_information_check_files". {"route":"admin_system_information_check_files","route_parameters":{"_route":"admin_system_information_check_files","_controller":"PrestaShopBundle\\Controller\\Admin\\Configure\\AdvancedParameters\\SystemInformationController::displayCheckFilesAction","_legacy_controller":"AdminInformation","_legacy_link":"AdminInformation:checkFiles"},"request_uri":"http://meuble2.localhost/psadmin/index.php/configure/advanced/system-information/files?_token=4TvoOezPktWRfWLOSbFlGYRqclrJzDPhyjKHauEUgUg","method":"POST"} []
[2026-05-20 17:48:42] security.DEBUG: Read existing security token from the session. {"key":"_security_main","token_class":"Symfony\\Component\\Security\\Core\\Authentication\\Token\\UsernamePasswordToken"} []
[2026-05-20 17:48:42] security.DEBUG: User was reloaded from a user provider. {"provider":"PrestaShopBundle\\Security\\Admin\\EmployeeProvider","username":"hbsman@yahoo.fr"} []
[2026-05-20 17:50:42] request.CRITICAL: Uncaught PHP Exception Symfony\Component\ErrorHandler\Error\FatalError: "Error: Maximum execution time of 120 seconds exceeded" at D:\projets\new-meuble\src\Adapter\Requirement\CheckMissingOrUpdatedFiles.php line 70 {"exception":"[object] (Symfony\\Component\\ErrorHandler\\Error\\FatalError(code: 0): Error: Maximum execution time of 120 seconds exceeded at D:\\projets\\new-meuble\\src\\Adapter\\Requirement\\CheckMissingOrUpdatedFiles.php:70)"} []
[2026-05-20 17:50:44] security.DEBUG: Stored the security token in the session. {"key":"_security_main"} []
[2026-05-20 17:48:42] request.INFO: Matched route "admin_common_notifications". {"route":"admin_common_notifications","route_parameters":{"_route":"admin_common_notifications","_controller":"PrestaShopBundle\\Controller\\Admin\\CommonController::notificationsAction","_legacy_controller":"AdminCommon","_legacy_link":"AdminCommon"},"request_uri":"http://meuble2.localhost/psadmin/index.php/common/notifications?_token=4TvoOezPktWRfWLOSbFlGYRqclrJzDPhyjKHauEUgUg","method":"POST"} []
[2026-05-20 17:50:44] request.CRITICAL: Uncaught PHP Exception Symfony\Component\ErrorHandler\Error\FatalError: "Error: Maximum execution time of 120 seconds exceeded" at D:\projets\new-meuble\vendor\symfony\symfony\src\Symfony\Component\HttpFoundation\Session\Storage\Handler\StrictSessionHandler.php line 59 {"exception":"[object] (Symfony\\Component\\ErrorHandler\\Error\\FatalError(code: 0): Error: Maximum execution time of 120 seconds exceeded at D:\\projets\\new-meuble\\vendor\\symfony\\symfony\\src\\Symfony\\Component\\HttpFoundation\\Session\\Storage\\Handler\\StrictSessionHandler.php:59)"} []
[2026-05-20 17:50:48] security.DEBUG: Stored the security token in the session. {"key":"_security_main"} []
[2026-05-20 17:50:48] request.CRITICAL: Uncaught PHP Exception Symfony\Component\ErrorHandler\Error\FatalError: "Error: Maximum execution time of 120 seconds exceeded" at D:\projets\new-meuble\vendor\symfony\symfony\src\Symfony\Component\HttpFoundation\Session\Storage\Handler\StrictSessionHandler.php line 59 {"exception":"[object] (Symfony\\Component\\ErrorHandler\\Error\\FatalError(code: 0): Error: Maximum execution time of 120 seconds exceeded at D:\\projets\\new-meuble\\vendor\\symfony\\symfony\\src\\Symfony\\Component\\HttpFoundation\\Session\\Storage\\Handler\\StrictSessionHandler.php:59)"} []
[2026-05-20 17:48:46] request.INFO: Matched route "admin_administration". {"route":"admin_administration","route_parameters":{"_route":"admin_administration","_controller":"PrestaShopBundle\\Controller\\Admin\\Configure\\AdvancedParameters\\AdministrationController::indexAction","_legacy_controller":"AdminAdminPreferences","_legacy_link":"AdminAdminPreferences"},"request_uri":"http://meuble2.localhost/psadmin/index.php/configure/advanced/administration/?_token=4TvoOezPktWRfWLOSbFlGYRqclrJzDPhyjKHauEUgUg","method":"GET"} []
[2026-05-20 17:50:48] request.CRITICAL: Uncaught PHP Exception Symfony\Component\ErrorHandler\Error\FatalError: "Error: Maximum execution time of 120 seconds exceeded" at D:\projets\new-meuble\vendor\symfony\symfony\src\Symfony\Component\HttpFoundation\Session\Storage\Handler\StrictSessionHandler.php line 59 {"exception":"[object] (Symfony\\Component\\ErrorHandler\\Error\\FatalError(code: 0): Error: Maximum execution time of 120 seconds exceeded at D:\\projets\\new-meuble\\vendor\\symfony\\symfony\\src\\Symfony\\Component\\HttpFoundation\\Session\\Storage\\Handler\\StrictSessionHandler.php:59)"} []
[2026-05-20 17:50:50] request.CRITICAL: Exception thrown when handling an exception (Twig\Error\LoaderError: Template "::base.html.twig" is not defined in "@PrestaShop/Admin/Exception/error.html.twig" at line 26. at D:\projets\new-meuble\vendor\twig\twig\src\Loader\ChainLoader.php line 99) {"exception":"[object] (Twig\\Error\\LoaderError(code: 0): Template \"::base.html.twig\" is not defined in \"@PrestaShop/Admin/Exception/error.html.twig\" at line 26. at D:\\projets\\new-meuble\\vendor\\twig\\twig\\src\\Loader\\ChainLoader.php:99)"} []
[2026-05-21 11:12:50] request.INFO: Matched route "api_translation_value_edit". {"route":"api_translation_value_edit","route_parameters":{"_route":"api_translation_value_edit","_controller":"prestashop.core.api.translation.controller:translationEditAction","_legacy_controller":"AdminTranslations"},"request_uri":"http://meuble2.localhost/psadmin/index.php/api/translations/edit?_token=4TvoOezPktWRfWLOSbFlGYRqclrJzDPhyjKHauEUgUg","method":"POST"} []
[2026-05-21 11:12:51] security.DEBUG: Read existing security token from the session. {"key":"_security_main","token_class":"Symfony\\Component\\Security\\Core\\Authentication\\Token\\UsernamePasswordToken"} []
[2026-05-21 11:12:51] security.DEBUG: User was reloaded from a user provider. {"provider":"PrestaShopBundle\\Security\\Admin\\EmployeeProvider","username":"hbsman@yahoo.fr"} []
[2026-05-21 11:12:51] app.ERROR: No result was found for query although at least one row was expected. {"object_type":"Translation"} []
[2026-05-21 11:12:51] app.ERROR: No result was found for query although at least one row was expected. {"object_type":"Translation"} []
[2026-05-21 11:12:51] app.ERROR: No result was found for query although at least one row was expected. {"object_type":"Translation"} []
[2026-05-21 11:12:51] app.ERROR: No result was found for query although at least one row was expected. {"object_type":"Translation"} []
[2026-05-21 11:12:51] app.ERROR: No result was found for query although at least one row was expected. {"object_type":"Translation"} []
[2026-05-21 11:12:51] app.ERROR: No result was found for query although at least one row was expected. {"object_type":"Translation"} []
[2026-05-21 11:12:51] app.ERROR: No result was found for query although at least one row was expected. {"object_type":"Translation"} []
[2026-05-21 11:12:51] app.ERROR: No result was found for query although at least one row was expected. {"object_type":"Translation"} []
[2026-05-21 11:12:51] app.ERROR: No result was found for query although at least one row was expected. {"object_type":"Translation"} []
[2026-05-21 11:12:51] app.ERROR: No result was found for query although at least one row was expected. {"object_type":"Translation"} []
[2026-05-21 11:12:51] app.ERROR: No result was found for query although at least one row was expected. {"object_type":"Translation"} []
[2026-05-21 11:12:51] app.ERROR: No result was found for query although at least one row was expected. {"object_type":"Translation"} []
[2026-05-21 11:12:51] app.ERROR: No result was found for query although at least one row was expected. {"object_type":"Translation"} []
[2026-05-21 11:12:51] app.ERROR: No result was found for query although at least one row was expected. {"object_type":"Translation"} []
[2026-05-21 11:12:51] app.ERROR: No result was found for query although at least one row was expected. {"object_type":"Translation"} []
[2026-05-21 11:13:04] security.DEBUG: Stored the security token in the session. {"key":"_security_main"} []
[2026-05-21 11:15:57] request.INFO: Matched route "api_translation_value_edit". {"route":"api_translation_value_edit","route_parameters":{"_route":"api_translation_value_edit","_controller":"prestashop.core.api.translation.controller:translationEditAction","_legacy_controller":"AdminTranslations"},"request_uri":"http://meuble2.localhost/psadmin/index.php/api/translations/edit?_token=4TvoOezPktWRfWLOSbFlGYRqclrJzDPhyjKHauEUgUg","method":"POST"} []
[2026-05-21 11:15:57] security.DEBUG: Read existing security token from the session. {"key":"_security_main","token_class":"Symfony\\Component\\Security\\Core\\Authentication\\Token\\UsernamePasswordToken"} []
[2026-05-21 11:15:57] security.DEBUG: User was reloaded from a user provider. {"provider":"PrestaShopBundle\\Security\\Admin\\EmployeeProvider","username":"hbsman@yahoo.fr"} []
[2026-05-21 11:15:58] app.ERROR: No result was found for query although at least one row was expected. {"object_type":"Translation"} []
[2026-05-21 11:15:59] security.DEBUG: Stored the security token in the session. {"key":"_security_main"} []
[2026-05-21 11:18:25] request.INFO: Matched route "api_translation_value_edit". {"route":"api_translation_value_edit","route_parameters":{"_route":"api_translation_value_edit","_controller":"prestashop.core.api.translation.controller:translationEditAction","_legacy_controller":"AdminTranslations"},"request_uri":"http://meuble2.localhost/psadmin/index.php/api/translations/edit?_token=4TvoOezPktWRfWLOSbFlGYRqclrJzDPhyjKHauEUgUg","method":"POST"} []
[2026-05-21 11:18:25] security.DEBUG: Read existing security token from the session. {"key":"_security_main","token_class":"Symfony\\Component\\Security\\Core\\Authentication\\Token\\UsernamePasswordToken"} []
[2026-05-21 11:18:25] security.DEBUG: User was reloaded from a user provider. {"provider":"PrestaShopBundle\\Security\\Admin\\EmployeeProvider","username":"hbsman@yahoo.fr"} []
[2026-05-21 11:18:26] app.ERROR: No result was found for query although at least one row was expected. {"object_type":"Translation"} []
[2026-05-21 11:18:26] app.ERROR: No result was found for query although at least one row was expected. {"object_type":"Translation"} []
[2026-05-21 11:18:26] app.ERROR: No result was found for query although at least one row was expected. {"object_type":"Translation"} []
[2026-05-21 11:18:26] security.DEBUG: Stored the security token in the session. {"key":"_security_main"} []
[2026-05-21 11:19:04] request.INFO: Matched route "api_translation_value_edit". {"route":"api_translation_value_edit","route_parameters":{"_route":"api_translation_value_edit","_controller":"prestashop.core.api.translation.controller:translationEditAction","_legacy_controller":"AdminTranslations"},"request_uri":"http://meuble2.localhost/psadmin/index.php/api/translations/edit?_token=4TvoOezPktWRfWLOSbFlGYRqclrJzDPhyjKHauEUgUg","method":"POST"} []
[2026-05-21 11:19:04] security.DEBUG: Read existing security token from the session. {"key":"_security_main","token_class":"Symfony\\Component\\Security\\Core\\Authentication\\Token\\UsernamePasswordToken"} []
[2026-05-21 11:19:04] security.DEBUG: User was reloaded from a user provider. {"provider":"PrestaShopBundle\\Security\\Admin\\EmployeeProvider","username":"hbsman@yahoo.fr"} []
[2026-05-21 11:19:04] app.ERROR: No result was found for query although at least one row was expected. {"object_type":"Translation"} []
[2026-05-21 11:19:04] app.ERROR: No result was found for query although at least one row was expected. {"object_type":"Translation"} []
[2026-05-21 11:19:05] security.DEBUG: Stored the security token in the session. {"key":"_security_main"} []
[2026-05-21 11:19:38] request.CRITICAL: Uncaught PHP Exception Symfony\Component\Filesystem\Exception\IOException: "Cannot rename "D:\projets\new-meuble\var\cache\prod\Url270F.tmp" to "D:\projets\new-meuble\var\cache\prod/UrlMatcher.php"." at D:\projets\new-meuble\vendor\symfony\symfony\src\Symfony\Component\Filesystem\Filesystem.php line 290 {"exception":"[object] (Symfony\\Component\\Filesystem\\Exception\\IOException(code: 0): Cannot rename \"D:\\projets\\new-meuble\\var\\cache\\prod\\Url270F.tmp\" to \"D:\\projets\\new-meuble\\var\\cache\\prod/UrlMatcher.php\". at D:\\projets\\new-meuble\\vendor\\symfony\\symfony\\src\\Symfony\\Component\\Filesystem\\Filesystem.php:290)"} []
[2026-05-21 11:19:42] cache.WARNING: Failed to save key "Symfony%5CComponent%5CHttpKernel%5CController%5CErrorController" of type array: rename(D:\projets\new-meuble\var\cache\prod\pools\0Z3RKX4Bfu\d684efc8eb1c,D:\projets\new-meuble\var\cache\prod\pools\0Z3RKX4Bfu\U\Q\KlKRPBnpH1dRiHYpvl4w): Accès refusé. (code: 5) {"key":"Symfony%5CComponent%5CHttpKernel%5CController%5CErrorController","exception":"[object] (ErrorException(code: 0): rename(D:\\projets\\new-meuble\\var\\cache\\prod\\pools\\0Z3RKX4Bfu\\d684efc8eb1c,D:\\projets\\new-meuble\\var\\cache\\prod\\pools\\0Z3RKX4Bfu\\U\\Q\\KlKRPBnpH1dRiHYpvl4w): Accès refusé. (code: 5) at D:\\projets\\new-meuble\\vendor\\symfony\\symfony\\src\\Symfony\\Component\\Cache\\Traits\\FilesystemCommonTrait.php:115)"} []
[2026-05-21 11:22:27] request.INFO: Matched route "api_translation_value_edit". {"route":"api_translation_value_edit","route_parameters":{"_route":"api_translation_value_edit","_controller":"prestashop.core.api.translation.controller:translationEditAction","_legacy_controller":"AdminTranslations"},"request_uri":"http://meuble2.localhost/psadmin/index.php/api/translations/edit?_token=4TvoOezPktWRfWLOSbFlGYRqclrJzDPhyjKHauEUgUg","method":"POST"} []
[2026-05-21 11:22:27] security.DEBUG: Read existing security token from the session. {"key":"_security_main","token_class":"Symfony\\Component\\Security\\Core\\Authentication\\Token\\UsernamePasswordToken"} []
[2026-05-21 11:22:27] security.DEBUG: User was reloaded from a user provider. {"provider":"PrestaShopBundle\\Security\\Admin\\EmployeeProvider","username":"hbsman@yahoo.fr"} []
[2026-05-21 11:22:27] app.ERROR: No result was found for query although at least one row was expected. {"object_type":"Translation"} []
[2026-05-21 11:22:27] app.ERROR: No result was found for query although at least one row was expected. {"object_type":"Translation"} []
[2026-05-21 11:22:29] security.DEBUG: Stored the security token in the session. {"key":"_security_main"} []
[2026-05-21 11:24:56] request.INFO: Matched route "api_translation_value_edit". {"route":"api_translation_value_edit","route_parameters":{"_route":"api_translation_value_edit","_controller":"prestashop.core.api.translation.controller:translationEditAction","_legacy_controller":"AdminTranslations"},"request_uri":"http://meuble2.localhost/psadmin/index.php/api/translations/edit?_token=4TvoOezPktWRfWLOSbFlGYRqclrJzDPhyjKHauEUgUg","method":"POST"} []
[2026-05-21 11:24:56] security.DEBUG: Read existing security token from the session. {"key":"_security_main","token_class":"Symfony\\Component\\Security\\Core\\Authentication\\Token\\UsernamePasswordToken"} []
[2026-05-21 11:24:56] security.DEBUG: User was reloaded from a user provider. {"provider":"PrestaShopBundle\\Security\\Admin\\EmployeeProvider","username":"hbsman@yahoo.fr"} []
[2026-05-21 11:24:56] app.ERROR: No result was found for query although at least one row was expected. {"object_type":"Translation"} []
[2026-05-21 11:24:57] app.ERROR: No result was found for query although at least one row was expected. {"object_type":"Translation"} []
[2026-05-21 11:24:57] app.ERROR: No result was found for query although at least one row was expected. {"object_type":"Translation"} []
[2026-05-21 11:24:57] app.ERROR: No result was found for query although at least one row was expected. {"object_type":"Translation"} []
[2026-05-21 11:24:57] app.ERROR: No result was found for query although at least one row was expected. {"object_type":"Translation"} []
[2026-05-21 11:24:57] app.ERROR: No result was found for query although at least one row was expected. {"object_type":"Translation"} []
[2026-05-21 11:24:57] app.ERROR: No result was found for query although at least one row was expected. {"object_type":"Translation"} []
[2026-05-21 11:24:57] app.ERROR: No result was found for query although at least one row was expected. {"object_type":"Translation"} []
[2026-05-21 11:24:57] app.ERROR: No result was found for query although at least one row was expected. {"object_type":"Translation"} []
[2026-05-21 11:24:57] app.ERROR: No result was found for query although at least one row was expected. {"object_type":"Translation"} []
[2026-05-21 11:24:57] app.ERROR: No result was found for query although at least one row was expected. {"object_type":"Translation"} []
[2026-05-21 11:24:57] app.ERROR: No result was found for query although at least one row was expected. {"object_type":"Translation"} []
[2026-05-21 11:24:57] app.ERROR: No result was found for query although at least one row was expected. {"object_type":"Translation"} []
[2026-05-21 11:24:57] app.ERROR: No result was found for query although at least one row was expected. {"object_type":"Translation"} []
[2026-05-21 11:24:57] app.ERROR: No result was found for query although at least one row was expected. {"object_type":"Translation"} []
[2026-05-21 11:24:57] app.ERROR: No result was found for query although at least one row was expected. {"object_type":"Translation"} []
[2026-05-21 11:24:57] app.ERROR: No result was found for query although at least one row was expected. {"object_type":"Translation"} []
[2026-05-21 11:24:57] app.ERROR: No result was found for query although at least one row was expected. {"object_type":"Translation"} []
[2026-05-21 11:24:58] security.DEBUG: Stored the security token in the session. {"key":"_security_main"} []
[2026-05-21 11:25:13] request.CRITICAL: Uncaught PHP Exception Symfony\Component\Filesystem\Exception\IOException: "Cannot rename "D:\projets\new-meuble\var\cache\prod\Url45A7.tmp" to "D:\projets\new-meuble\var\cache\prod/UrlMatcher.php"." at D:\projets\new-meuble\vendor\symfony\symfony\src\Symfony\Component\Filesystem\Filesystem.php line 290 {"exception":"[object] (Symfony\\Component\\Filesystem\\Exception\\IOException(code: 0): Cannot rename \"D:\\projets\\new-meuble\\var\\cache\\prod\\Url45A7.tmp\" to \"D:\\projets\\new-meuble\\var\\cache\\prod/UrlMatcher.php\". at D:\\projets\\new-meuble\\vendor\\symfony\\symfony\\src\\Symfony\\Component\\Filesystem\\Filesystem.php:290)"} []
[2026-05-21 11:28:23] request.INFO: Matched route "api_translation_value_edit". {"route":"api_translation_value_edit","route_parameters":{"_route":"api_translation_value_edit","_controller":"prestashop.core.api.translation.controller:translationEditAction","_legacy_controller":"AdminTranslations"},"request_uri":"http://meuble2.localhost/psadmin/index.php/api/translations/edit?_token=4TvoOezPktWRfWLOSbFlGYRqclrJzDPhyjKHauEUgUg","method":"POST"} []
[2026-05-21 11:28:23] security.DEBUG: Read existing security token from the session. {"key":"_security_main","token_class":"Symfony\\Component\\Security\\Core\\Authentication\\Token\\UsernamePasswordToken"} []
[2026-05-21 11:28:23] security.DEBUG: User was reloaded from a user provider. {"provider":"PrestaShopBundle\\Security\\Admin\\EmployeeProvider","username":"hbsman@yahoo.fr"} []
[2026-05-21 11:28:23] app.ERROR: No result was found for query although at least one row was expected. {"object_type":"Translation"} []
[2026-05-21 11:28:30] security.DEBUG: Stored the security token in the session. {"key":"_security_main"} []
[2026-05-21 11:31:58] request.INFO: Matched route "api_translation_value_edit". {"route":"api_translation_value_edit","route_parameters":{"_route":"api_translation_value_edit","_controller":"prestashop.core.api.translation.controller:translationEditAction","_legacy_controller":"AdminTranslations"},"request_uri":"http://meuble2.localhost/psadmin/index.php/api/translations/edit?_token=4TvoOezPktWRfWLOSbFlGYRqclrJzDPhyjKHauEUgUg","method":"POST"} []
[2026-05-21 11:31:58] security.DEBUG: Read existing security token from the session. {"key":"_security_main","token_class":"Symfony\\Component\\Security\\Core\\Authentication\\Token\\UsernamePasswordToken"} []
[2026-05-21 11:31:58] security.DEBUG: User was reloaded from a user provider. {"provider":"PrestaShopBundle\\Security\\Admin\\EmployeeProvider","username":"hbsman@yahoo.fr"} []
[2026-05-21 11:31:58] app.ERROR: No result was found for query although at least one row was expected. {"object_type":"Translation"} []
[2026-05-21 11:31:58] app.ERROR: No result was found for query although at least one row was expected. {"object_type":"Translation"} []
[2026-05-21 11:31:58] app.ERROR: No result was found for query although at least one row was expected. {"object_type":"Translation"} []
[2026-05-21 11:31:58] app.ERROR: No result was found for query although at least one row was expected. {"object_type":"Translation"} []
[2026-05-21 11:31:58] app.ERROR: No result was found for query although at least one row was expected. {"object_type":"Translation"} []
[2026-05-21 11:31:58] app.ERROR: No result was found for query although at least one row was expected. {"object_type":"Translation"} []
[2026-05-21 11:31:58] app.ERROR: No result was found for query although at least one row was expected. {"object_type":"Translation"} []
[2026-05-21 11:31:59] security.DEBUG: Stored the security token in the session. {"key":"_security_main"} []
[2026-05-21 11:32:27] request.INFO: Matched route "api_translation_value_edit". {"route":"api_translation_value_edit","route_parameters":{"_route":"api_translation_value_edit","_controller":"prestashop.core.api.translation.controller:translationEditAction","_legacy_controller":"AdminTranslations"},"request_uri":"http://meuble2.localhost/psadmin/index.php/api/translations/edit?_token=4TvoOezPktWRfWLOSbFlGYRqclrJzDPhyjKHauEUgUg","method":"POST"} []
[2026-05-21 11:32:27] security.DEBUG: Read existing security token from the session. {"key":"_security_main","token_class":"Symfony\\Component\\Security\\Core\\Authentication\\Token\\UsernamePasswordToken"} []
[2026-05-21 11:32:27] security.DEBUG: User was reloaded from a user provider. {"provider":"PrestaShopBundle\\Security\\Admin\\EmployeeProvider","username":"hbsman@yahoo.fr"} []
[2026-05-21 11:32:28] app.ERROR: No result was found for query although at least one row was expected. {"object_type":"Translation"} []
[2026-05-21 11:32:29] security.DEBUG: Stored the security token in the session. {"key":"_security_main"} []
[2026-05-21 11:33:39] request.INFO: Matched route "api_translation_value_edit". {"route":"api_translation_value_edit","route_parameters":{"_route":"api_translation_value_edit","_controller":"prestashop.core.api.translation.controller:translationEditAction","_legacy_controller":"AdminTranslations"},"request_uri":"http://meuble2.localhost/psadmin/index.php/api/translations/edit?_token=4TvoOezPktWRfWLOSbFlGYRqclrJzDPhyjKHauEUgUg","method":"POST"} []
[2026-05-21 11:33:39] security.DEBUG: Read existing security token from the session. {"key":"_security_main","token_class":"Symfony\\Component\\Security\\Core\\Authentication\\Token\\UsernamePasswordToken"} []
[2026-05-21 11:33:39] security.DEBUG: User was reloaded from a user provider. {"provider":"PrestaShopBundle\\Security\\Admin\\EmployeeProvider","username":"hbsman@yahoo.fr"} []
[2026-05-21 11:33:40] app.ERROR: No result was found for query although at least one row was expected. {"object_type":"Translation"} []
[2026-05-21 11:33:40] app.ERROR: You must specify as many arguments (%d, %s ...) as the original string. {"object_type":"Translation"} []
[2026-05-21 11:33:40] app.ERROR: No result was found for query although at least one row was expected. {"object_type":"Translation"} []
[2026-05-21 11:33:40] app.ERROR: No result was found for query although at least one row was expected. {"object_type":"Translation"} []
[2026-05-21 11:33:40] app.ERROR: No result was found for query although at least one row was expected. {"object_type":"Translation"} []
[2026-05-21 11:33:40] app.ERROR: No result was found for query although at least one row was expected. {"object_type":"Translation"} []
[2026-05-21 11:33:40] app.ERROR: No result was found for query although at least one row was expected. {"object_type":"Translation"} []
[2026-05-21 11:33:40] app.ERROR: No result was found for query although at least one row was expected. {"object_type":"Translation"} []
[2026-05-21 11:33:40] app.ERROR: No result was found for query although at least one row was expected. {"object_type":"Translation"} []
[2026-05-21 11:33:40] app.ERROR: No result was found for query although at least one row was expected. {"object_type":"Translation"} []
[2026-05-21 11:33:40] app.ERROR: No result was found for query although at least one row was expected. {"object_type":"Translation"} []
[2026-05-21 11:33:41] security.DEBUG: Stored the security token in the session. {"key":"_security_main"} []
[2026-05-21 11:34:29] request.INFO: Matched route "api_translation_value_edit". {"route":"api_translation_value_edit","route_parameters":{"_route":"api_translation_value_edit","_controller":"prestashop.core.api.translation.controller:translationEditAction","_legacy_controller":"AdminTranslations"},"request_uri":"http://meuble2.localhost/psadmin/index.php/api/translations/edit?_token=4TvoOezPktWRfWLOSbFlGYRqclrJzDPhyjKHauEUgUg","method":"POST"} []
[2026-05-21 11:34:29] security.DEBUG: Read existing security token from the session. {"key":"_security_main","token_class":"Symfony\\Component\\Security\\Core\\Authentication\\Token\\UsernamePasswordToken"} []
[2026-05-21 11:34:29] security.DEBUG: User was reloaded from a user provider. {"provider":"PrestaShopBundle\\Security\\Admin\\EmployeeProvider","username":"hbsman@yahoo.fr"} []
[2026-05-21 11:34:29] app.ERROR: No result was found for query although at least one row was expected. {"object_type":"Translation"} []
[2026-05-21 11:34:29] app.ERROR: No result was found for query although at least one row was expected. {"object_type":"Translation"} []
[2026-05-21 11:34:29] app.ERROR: No result was found for query although at least one row was expected. {"object_type":"Translation"} []
[2026-05-21 11:34:29] app.ERROR: No result was found for query although at least one row was expected. {"object_type":"Translation"} []
[2026-05-21 11:34:29] app.ERROR: No result was found for query although at least one row was expected. {"object_type":"Translation"} []
[2026-05-21 11:34:30] security.DEBUG: Stored the security token in the session. {"key":"_security_main"} []
[2026-05-21 11:36:10] request.INFO: Matched route "api_translation_value_edit". {"route":"api_translation_value_edit","route_parameters":{"_route":"api_translation_value_edit","_controller":"prestashop.core.api.translation.controller:translationEditAction","_legacy_controller":"AdminTranslations"},"request_uri":"http://meuble2.localhost/psadmin/index.php/api/translations/edit?_token=4TvoOezPktWRfWLOSbFlGYRqclrJzDPhyjKHauEUgUg","method":"POST"} []
[2026-05-21 11:36:10] security.DEBUG: Read existing security token from the session. {"key":"_security_main","token_class":"Symfony\\Component\\Security\\Core\\Authentication\\Token\\UsernamePasswordToken"} []
[2026-05-21 11:36:10] security.DEBUG: User was reloaded from a user provider. {"provider":"PrestaShopBundle\\Security\\Admin\\EmployeeProvider","username":"hbsman@yahoo.fr"} []
[2026-05-21 11:36:10] app.ERROR: No result was found for query although at least one row was expected. {"object_type":"Translation"} []
[2026-05-21 11:36:10] app.ERROR: No result was found for query although at least one row was expected. {"object_type":"Translation"} []
[2026-05-21 11:36:10] app.ERROR: No result was found for query although at least one row was expected. {"object_type":"Translation"} []
[2026-05-21 11:36:10] app.ERROR: No result was found for query although at least one row was expected. {"object_type":"Translation"} []
[2026-05-21 11:36:10] app.ERROR: No result was found for query although at least one row was expected. {"object_type":"Translation"} []
[2026-05-21 11:36:10] app.ERROR: No result was found for query although at least one row was expected. {"object_type":"Translation"} []
[2026-05-21 11:36:10] app.ERROR: No result was found for query although at least one row was expected. {"object_type":"Translation"} []
[2026-05-21 11:36:10] app.ERROR: No result was found for query although at least one row was expected. {"object_type":"Translation"} []
[2026-05-21 11:36:10] app.ERROR: No result was found for query although at least one row was expected. {"object_type":"Translation"} []
[2026-05-21 11:36:10] app.ERROR: No result was found for query although at least one row was expected. {"object_type":"Translation"} []
[2026-05-21 11:36:10] app.ERROR: No result was found for query although at least one row was expected. {"object_type":"Translation"} []
[2026-05-21 11:36:10] app.ERROR: No result was found for query although at least one row was expected. {"object_type":"Translation"} []
[2026-05-21 11:36:10] app.ERROR: No result was found for query although at least one row was expected. {"object_type":"Translation"} []
[2026-05-21 11:36:10] app.ERROR: No result was found for query although at least one row was expected. {"object_type":"Translation"} []
[2026-05-21 11:36:10] app.ERROR: No result was found for query although at least one row was expected. {"object_type":"Translation"} []
[2026-05-21 11:36:10] app.ERROR: No result was found for query although at least one row was expected. {"object_type":"Translation"} []
[2026-05-21 11:36:10] app.ERROR: No result was found for query although at least one row was expected. {"object_type":"Translation"} []
[2026-05-21 11:36:10] app.ERROR: No result was found for query although at least one row was expected. {"object_type":"Translation"} []
[2026-05-21 11:36:10] app.ERROR: No result was found for query although at least one row was expected. {"object_type":"Translation"} []
[2026-05-21 11:36:10] app.ERROR: No result was found for query although at least one row was expected. {"object_type":"Translation"} []
[2026-05-21 11:36:11] security.DEBUG: Stored the security token in the session. {"key":"_security_main"} []
[2026-05-21 11:40:24] request.INFO: Matched route "api_translation_value_edit". {"route":"api_translation_value_edit","route_parameters":{"_route":"api_translation_value_edit","_controller":"prestashop.core.api.translation.controller:translationEditAction","_legacy_controller":"AdminTranslations"},"request_uri":"http://meuble2.localhost/psadmin/index.php/api/translations/edit?_token=4TvoOezPktWRfWLOSbFlGYRqclrJzDPhyjKHauEUgUg","method":"POST"} []
[2026-05-21 11:40:24] security.DEBUG: Read existing security token from the session. {"key":"_security_main","token_class":"Symfony\\Component\\Security\\Core\\Authentication\\Token\\UsernamePasswordToken"} []
[2026-05-21 11:40:24] security.DEBUG: User was reloaded from a user provider. {"provider":"PrestaShopBundle\\Security\\Admin\\EmployeeProvider","username":"hbsman@yahoo.fr"} []
[2026-05-21 11:40:24] app.ERROR: No result was found for query although at least one row was expected. {"object_type":"Translation"} []
[2026-05-21 11:40:24] app.ERROR: No result was found for query although at least one row was expected. {"object_type":"Translation"} []
[2026-05-21 11:40:24] app.ERROR: No result was found for query although at least one row was expected. {"object_type":"Translation"} []
[2026-05-21 11:40:24] app.ERROR: No result was found for query although at least one row was expected. {"object_type":"Translation"} []
[2026-05-21 11:40:24] app.ERROR: No result was found for query although at least one row was expected. {"object_type":"Translation"} []
[2026-05-21 11:40:24] app.ERROR: No result was found for query although at least one row was expected. {"object_type":"Translation"} []
[2026-05-21 11:40:24] app.ERROR: No result was found for query although at least one row was expected. {"object_type":"Translation"} []
[2026-05-21 11:40:24] app.ERROR: No result was found for query although at least one row was expected. {"object_type":"Translation"} []
[2026-05-21 11:40:24] app.ERROR: No result was found for query although at least one row was expected. {"object_type":"Translation"} []
[2026-05-21 11:40:24] app.ERROR: No result was found for query although at least one row was expected. {"object_type":"Translation"} []
[2026-05-21 11:40:24] app.ERROR: No result was found for query although at least one row was expected. {"object_type":"Translation"} []
[2026-05-21 11:40:24] app.ERROR: No result was found for query although at least one row was expected. {"object_type":"Translation"} []
[2026-05-21 11:40:24] app.ERROR: No result was found for query although at least one row was expected. {"object_type":"Translation"} []
[2026-05-21 11:40:24] app.ERROR: No result was found for query although at least one row was expected. {"object_type":"Translation"} []
[2026-05-21 11:40:24] app.ERROR: No result was found for query although at least one row was expected. {"object_type":"Translation"} []
[2026-05-21 11:40:24] app.ERROR: No result was found for query although at least one row was expected. {"object_type":"Translation"} []
[2026-05-21 11:40:24] app.ERROR: No result was found for query although at least one row was expected. {"object_type":"Translation"} []
[2026-05-21 11:40:24] app.ERROR: No result was found for query although at least one row was expected. {"object_type":"Translation"} []
[2026-05-21 11:40:24] app.ERROR: No result was found for query although at least one row was expected. {"object_type":"Translation"} []
[2026-05-21 11:40:24] app.ERROR: No result was found for query although at least one row was expected. {"object_type":"Translation"} []
[2026-05-21 11:40:25] security.DEBUG: Stored the security token in the session. {"key":"_security_main"} []
[2026-05-21 11:42:19] request.INFO: Matched route "api_translation_value_edit". {"route":"api_translation_value_edit","route_parameters":{"_route":"api_translation_value_edit","_controller":"prestashop.core.api.translation.controller:translationEditAction","_legacy_controller":"AdminTranslations"},"request_uri":"http://meuble2.localhost/psadmin/index.php/api/translations/edit?_token=4TvoOezPktWRfWLOSbFlGYRqclrJzDPhyjKHauEUgUg","method":"POST"} []
[2026-05-21 11:42:19] security.DEBUG: Read existing security token from the session. {"key":"_security_main","token_class":"Symfony\\Component\\Security\\Core\\Authentication\\Token\\UsernamePasswordToken"} []
[2026-05-21 11:42:19] security.DEBUG: User was reloaded from a user provider. {"provider":"PrestaShopBundle\\Security\\Admin\\EmployeeProvider","username":"hbsman@yahoo.fr"} []
[2026-05-21 11:42:19] app.ERROR: No result was found for query although at least one row was expected. {"object_type":"Translation"} []
[2026-05-21 11:42:19] app.ERROR: No result was found for query although at least one row was expected. {"object_type":"Translation"} []
[2026-05-21 11:42:19] app.ERROR: No result was found for query although at least one row was expected. {"object_type":"Translation"} []
[2026-05-21 11:42:19] app.ERROR: No result was found for query although at least one row was expected. {"object_type":"Translation"} []
[2026-05-21 11:42:19] app.ERROR: No result was found for query although at least one row was expected. {"object_type":"Translation"} []
[2026-05-21 11:42:19] app.ERROR: No result was found for query although at least one row was expected. {"object_type":"Translation"} []
[2026-05-21 11:42:19] app.ERROR: No result was found for query although at least one row was expected. {"object_type":"Translation"} []
[2026-05-21 11:42:19] app.ERROR: You must specify as many arguments (%d, %s ...) as the original string. {"object_type":"Translation"} []
[2026-05-21 11:42:19] app.ERROR: No result was found for query although at least one row was expected. {"object_type":"Translation"} []
[2026-05-21 11:42:19] app.ERROR: No result was found for query although at least one row was expected. {"object_type":"Translation"} []
[2026-05-21 11:42:19] app.ERROR: You must specify as many arguments (%d, %s ...) as the original string. {"object_type":"Translation"} []
[2026-05-21 11:42:19] app.ERROR: No result was found for query although at least one row was expected. {"object_type":"Translation"} []
[2026-05-21 11:42:19] app.ERROR: No result was found for query although at least one row was expected. {"object_type":"Translation"} []
[2026-05-21 11:42:19] app.ERROR: No result was found for query although at least one row was expected. {"object_type":"Translation"} []
[2026-05-21 11:42:20] app.ERROR: No result was found for query although at least one row was expected. {"object_type":"Translation"} []
[2026-05-21 11:42:20] app.ERROR: No result was found for query although at least one row was expected. {"object_type":"Translation"} []
[2026-05-21 11:42:20] app.ERROR: No result was found for query although at least one row was expected. {"object_type":"Translation"} []
[2026-05-21 11:42:20] app.ERROR: No result was found for query although at least one row was expected. {"object_type":"Translation"} []
[2026-05-21 11:42:20] app.ERROR: No result was found for query although at least one row was expected. {"object_type":"Translation"} []
[2026-05-21 11:42:20] app.ERROR: No result was found for query although at least one row was expected. {"object_type":"Translation"} []
[2026-05-21 11:42:20] app.ERROR: No result was found for query although at least one row was expected. {"object_type":"Translation"} []
[2026-05-21 11:42:20] app.ERROR: No result was found for query although at least one row was expected. {"object_type":"Translation"} []
[2026-05-21 11:42:20] security.DEBUG: Stored the security token in the session. {"key":"_security_main"} []
[2026-05-21 11:43:39] request.INFO: Matched route "api_translation_value_edit". {"route":"api_translation_value_edit","route_parameters":{"_route":"api_translation_value_edit","_controller":"prestashop.core.api.translation.controller:translationEditAction","_legacy_controller":"AdminTranslations"},"request_uri":"http://meuble2.localhost/psadmin/index.php/api/translations/edit?_token=4TvoOezPktWRfWLOSbFlGYRqclrJzDPhyjKHauEUgUg","method":"POST"} []
[2026-05-21 11:43:39] security.DEBUG: Read existing security token from the session. {"key":"_security_main","token_class":"Symfony\\Component\\Security\\Core\\Authentication\\Token\\UsernamePasswordToken"} []
[2026-05-21 11:43:39] security.DEBUG: User was reloaded from a user provider. {"provider":"PrestaShopBundle\\Security\\Admin\\EmployeeProvider","username":"hbsman@yahoo.fr"} []
[2026-05-21 11:43:39] app.ERROR: No result was found for query although at least one row was expected. {"object_type":"Translation"} []
[2026-05-21 11:43:39] app.ERROR: You must specify as many arguments (%d, %s ...) as the original string. {"object_type":"Translation"} []
[2026-05-21 11:43:39] app.ERROR: No result was found for query although at least one row was expected. {"object_type":"Translation"} []
[2026-05-21 11:43:39] app.ERROR: You must specify as many arguments (%d, %s ...) as the original string. {"object_type":"Translation"} []
[2026-05-21 11:43:39] app.ERROR: No result was found for query although at least one row was expected. {"object_type":"Translation"} []
[2026-05-21 11:43:39] app.ERROR: No result was found for query although at least one row was expected. {"object_type":"Translation"} []
[2026-05-21 11:43:39] app.ERROR: No result was found for query although at least one row was expected. {"object_type":"Translation"} []
[2026-05-21 11:43:39] app.ERROR: No result was found for query although at least one row was expected. {"object_type":"Translation"} []
[2026-05-21 11:43:39] app.ERROR: No result was found for query although at least one row was expected. {"object_type":"Translation"} []
[2026-05-21 11:43:39] app.ERROR: No result was found for query although at least one row was expected. {"object_type":"Translation"} []
[2026-05-21 11:43:39] app.ERROR: No result was found for query although at least one row was expected. {"object_type":"Translation"} []
[2026-05-21 11:43:39] app.ERROR: No result was found for query although at least one row was expected. {"object_type":"Translation"} []
[2026-05-21 11:43:39] app.ERROR: No result was found for query although at least one row was expected. {"object_type":"Translation"} []
[2026-05-21 11:43:40] app.ERROR: No result was found for query although at least one row was expected. {"object_type":"Translation"} []
[2026-05-21 11:43:40] app.ERROR: No result was found for query although at least one row was expected. {"object_type":"Translation"} []
[2026-05-21 11:43:40] app.ERROR: No result was found for query although at least one row was expected. {"object_type":"Translation"} []
[2026-05-21 11:43:40] app.ERROR: No result was found for query although at least one row was expected. {"object_type":"Translation"} []
[2026-05-21 11:43:40] app.ERROR: You must specify as many arguments (%d, %s ...) as the original string. {"object_type":"Translation"} []
[2026-05-21 11:43:40] app.ERROR: No result was found for query although at least one row was expected. {"object_type":"Translation"} []
[2026-05-21 11:43:40] app.ERROR: No result was found for query although at least one row was expected. {"object_type":"Translation"} []
[2026-05-21 11:43:40] app.ERROR: No result was found for query although at least one row was expected. {"object_type":"Translation"} []
[2026-05-21 11:43:40] app.ERROR: No result was found for query although at least one row was expected. {"object_type":"Translation"} []
[2026-05-21 11:43:40] app.ERROR: No result was found for query although at least one row was expected. {"object_type":"Translation"} []
[2026-05-21 11:43:40] security.DEBUG: Stored the security token in the session. {"key":"_security_main"} []
[2026-05-21 11:44:46] request.INFO: Matched route "api_translation_value_edit". {"route":"api_translation_value_edit","route_parameters":{"_route":"api_translation_value_edit","_controller":"prestashop.core.api.translation.controller:translationEditAction","_legacy_controller":"AdminTranslations"},"request_uri":"http://meuble2.localhost/psadmin/index.php/api/translations/edit?_token=4TvoOezPktWRfWLOSbFlGYRqclrJzDPhyjKHauEUgUg","method":"POST"} []
[2026-05-21 11:44:46] security.DEBUG: Read existing security token from the session. {"key":"_security_main","token_class":"Symfony\\Component\\Security\\Core\\Authentication\\Token\\UsernamePasswordToken"} []
[2026-05-21 11:44:46] security.DEBUG: User was reloaded from a user provider. {"provider":"PrestaShopBundle\\Security\\Admin\\EmployeeProvider","username":"hbsman@yahoo.fr"} []
[2026-05-21 11:44:46] app.ERROR: No result was found for query although at least one row was expected. {"object_type":"Translation"} []
[2026-05-21 11:44:46] app.ERROR: You must specify as many arguments (%d, %s ...) as the original string. {"object_type":"Translation"} []
[2026-05-21 11:44:46] app.ERROR: No result was found for query although at least one row was expected. {"object_type":"Translation"} []
[2026-05-21 11:44:46] app.ERROR: You must specify as many arguments (%d, %s ...) as the original string. {"object_type":"Translation"} []
[2026-05-21 11:44:46] app.ERROR: No result was found for query although at least one row was expected. {"object_type":"Translation"} []
[2026-05-21 11:44:46] app.ERROR: You must specify as many arguments (%d, %s ...) as the original string. {"object_type":"Translation"} []
[2026-05-21 11:44:47] security.DEBUG: Stored the security token in the session. {"key":"_security_main"} []
[2026-05-21 11:46:34] request.INFO: Matched route "api_translation_value_edit". {"route":"api_translation_value_edit","route_parameters":{"_route":"api_translation_value_edit","_controller":"prestashop.core.api.translation.controller:translationEditAction","_legacy_controller":"AdminTranslations"},"request_uri":"http://meuble2.localhost/psadmin/index.php/api/translations/edit?_token=4TvoOezPktWRfWLOSbFlGYRqclrJzDPhyjKHauEUgUg","method":"POST"} []
[2026-05-21 11:46:34] security.DEBUG: Read existing security token from the session. {"key":"_security_main","token_class":"Symfony\\Component\\Security\\Core\\Authentication\\Token\\UsernamePasswordToken"} []
[2026-05-21 11:46:34] security.DEBUG: User was reloaded from a user provider. {"provider":"PrestaShopBundle\\Security\\Admin\\EmployeeProvider","username":"hbsman@yahoo.fr"} []
[2026-05-21 11:46:34] app.ERROR: No result was found for query although at least one row was expected. {"object_type":"Translation"} []
[2026-05-21 11:46:34] app.ERROR: No result was found for query although at least one row was expected. {"object_type":"Translation"} []
[2026-05-21 11:46:34] app.ERROR: No result was found for query although at least one row was expected. {"object_type":"Translation"} []
[2026-05-21 11:46:35] security.DEBUG: Stored the security token in the session. {"key":"_security_main"} []
[2026-05-21 11:47:37] request.INFO: Matched route "api_translation_value_edit". {"route":"api_translation_value_edit","route_parameters":{"_route":"api_translation_value_edit","_controller":"prestashop.core.api.translation.controller:translationEditAction","_legacy_controller":"AdminTranslations"},"request_uri":"http://meuble2.localhost/psadmin/index.php/api/translations/edit?_token=4TvoOezPktWRfWLOSbFlGYRqclrJzDPhyjKHauEUgUg","method":"POST"} []
[2026-05-21 11:47:37] security.DEBUG: Read existing security token from the session. {"key":"_security_main","token_class":"Symfony\\Component\\Security\\Core\\Authentication\\Token\\UsernamePasswordToken"} []
[2026-05-21 11:47:37] security.DEBUG: User was reloaded from a user provider. {"provider":"PrestaShopBundle\\Security\\Admin\\EmployeeProvider","username":"hbsman@yahoo.fr"} []
[2026-05-21 11:47:37] app.ERROR: You must specify as many arguments (%d, %s ...) as the original string. {"object_type":"Translation"} []
[2026-05-21 11:47:37] app.ERROR: You must specify as many arguments (%d, %s ...) as the original string. {"object_type":"Translation"} []
[2026-05-21 11:47:38] security.DEBUG: Stored the security token in the session. {"key":"_security_main"} []
[2026-05-21 11:48:49] request.INFO: Matched route "api_translation_value_edit". {"route":"api_translation_value_edit","route_parameters":{"_route":"api_translation_value_edit","_controller":"prestashop.core.api.translation.controller:translationEditAction","_legacy_controller":"AdminTranslations"},"request_uri":"http://meuble2.localhost/psadmin/index.php/api/translations/edit?_token=4TvoOezPktWRfWLOSbFlGYRqclrJzDPhyjKHauEUgUg","method":"POST"} []
[2026-05-21 11:48:49] security.DEBUG: Read existing security token from the session. {"key":"_security_main","token_class":"Symfony\\Component\\Security\\Core\\Authentication\\Token\\UsernamePasswordToken"} []
[2026-05-21 11:48:49] security.DEBUG: User was reloaded from a user provider. {"provider":"PrestaShopBundle\\Security\\Admin\\EmployeeProvider","username":"hbsman@yahoo.fr"} []
[2026-05-21 11:48:49] app.ERROR: No result was found for query although at least one row was expected. {"object_type":"Translation"} []
[2026-05-21 11:48:50] security.DEBUG: Stored the security token in the session. {"key":"_security_main"} []
[2026-05-21 11:49:43] request.INFO: Matched route "api_translation_value_edit". {"route":"api_translation_value_edit","route_parameters":{"_route":"api_translation_value_edit","_controller":"prestashop.core.api.translation.controller:translationEditAction","_legacy_controller":"AdminTranslations"},"request_uri":"http://meuble2.localhost/psadmin/index.php/api/translations/edit?_token=4TvoOezPktWRfWLOSbFlGYRqclrJzDPhyjKHauEUgUg","method":"POST"} []
[2026-05-21 11:49:43] security.DEBUG: Read existing security token from the session. {"key":"_security_main","token_class":"Symfony\\Component\\Security\\Core\\Authentication\\Token\\UsernamePasswordToken"} []
[2026-05-21 11:49:43] security.DEBUG: User was reloaded from a user provider. {"provider":"PrestaShopBundle\\Security\\Admin\\EmployeeProvider","username":"hbsman@yahoo.fr"} []
[2026-05-21 11:49:44] app.ERROR: No result was found for query although at least one row was expected. {"object_type":"Translation"} []
[2026-05-21 11:49:45] security.DEBUG: Stored the security token in the session. {"key":"_security_main"} []
[2026-05-21 11:50:23] request.INFO: Matched route "api_translation_value_edit". {"route":"api_translation_value_edit","route_parameters":{"_route":"api_translation_value_edit","_controller":"prestashop.core.api.translation.controller:translationEditAction","_legacy_controller":"AdminTranslations"},"request_uri":"http://meuble2.localhost/psadmin/index.php/api/translations/edit?_token=4TvoOezPktWRfWLOSbFlGYRqclrJzDPhyjKHauEUgUg","method":"POST"} []
[2026-05-21 11:50:23] security.DEBUG: Read existing security token from the session. {"key":"_security_main","token_class":"Symfony\\Component\\Security\\Core\\Authentication\\Token\\UsernamePasswordToken"} []
[2026-05-21 11:50:23] security.DEBUG: User was reloaded from a user provider. {"provider":"PrestaShopBundle\\Security\\Admin\\EmployeeProvider","username":"hbsman@yahoo.fr"} []
[2026-05-21 11:50:23] app.ERROR: No result was found for query although at least one row was expected. {"object_type":"Translation"} []
[2026-05-21 11:50:24] security.DEBUG: Stored the security token in the session. {"key":"_security_main"} []
[2026-05-21 11:51:24] request.INFO: Matched route "api_translation_value_edit". {"route":"api_translation_value_edit","route_parameters":{"_route":"api_translation_value_edit","_controller":"prestashop.core.api.translation.controller:translationEditAction","_legacy_controller":"AdminTranslations"},"request_uri":"http://meuble2.localhost/psadmin/index.php/api/translations/edit?_token=4TvoOezPktWRfWLOSbFlGYRqclrJzDPhyjKHauEUgUg","method":"POST"} []
[2026-05-21 11:51:24] security.DEBUG: Read existing security token from the session. {"key":"_security_main","token_class":"Symfony\\Component\\Security\\Core\\Authentication\\Token\\UsernamePasswordToken"} []
[2026-05-21 11:51:24] security.DEBUG: User was reloaded from a user provider. {"provider":"PrestaShopBundle\\Security\\Admin\\EmployeeProvider","username":"hbsman@yahoo.fr"} []
[2026-05-21 11:51:24] app.ERROR: No result was found for query although at least one row was expected. {"object_type":"Translation"} []
[2026-05-21 11:51:25] security.DEBUG: Stored the security token in the session. {"key":"_security_main"} []
